<?xml version="1.0" encoding="UTF-8"?>
<!-- Generated by org.testng.reporters.JUnitReportReporter -->
<testsuite skipped="0" hostname="P5-GLB5N62" name="selenium.jenkins_demo" tests="1" failures="0" timestamp="18 Apr 2019 10:25:12 GMT" time="12.430" errors="0">
  <testcase name="testgooglrsearch" time="12.430" classname="selenium.jenkins_demo"/>
</testsuite> <!-- selenium.jenkins_demo -->
